Started GET "/" for 131.170.239.15 at 2018-04-09 05:37:12 +0000
Cannot render console from 131.170.239.15! Allowed networks: 127.0.0.1, ::1, 127.0.0.0/127.255.255.255
Processing by Rails::WelcomeController#index as HTML
  Rendering /usr/local/rvm/gems/ruby-2.4.1/gems/railties-5.1.6/lib/rails/templates/rails/welcome/index.html.erb
  Rendered /usr/local/rvm/gems/ruby-2.4.1/gems/railties-5.1.6/lib/rails/templates/rails/welcome/index.html.erb (2.0ms)
Completed 200 OK in 162ms (Views: 5.9ms)


Started GET "/" for 131.170.239.15 at 2018-04-09 05:37:21 +0000
Cannot render console from 131.170.239.15! Allowed networks: 127.0.0.1, ::1, 127.0.0.0/127.255.255.255
Processing by Rails::WelcomeController#index as HTML
  Rendering /usr/local/rvm/gems/ruby-2.4.1/gems/railties-5.1.6/lib/rails/templates/rails/welcome/index.html.erb
  Rendered /usr/local/rvm/gems/ruby-2.4.1/gems/railties-5.1.6/lib/rails/templates/rails/welcome/index.html.erb (1.8ms)
Completed 200 OK in 4ms (Views: 3.0ms)


Started GET "/" for 131.170.239.15 at 2018-04-09 06:47:53 +0000
Cannot render console from 131.170.239.15! Allowed networks: 127.0.0.1, ::1, 127.0.0.0/127.255.255.255
  
LoadError (cannot load such file -- /home/ec2-user/environment/Unter/config/routes.rb):
  
activesupport (5.1.6) lib/active_support/dependencies.rb:286:in `load'
activesupport (5.1.6) lib/active_support/dependencies.rb:286:in `block in load'
activesupport (5.1.6) lib/active_support/dependencies.rb:258:in `load_dependency'
activesupport (5.1.6) lib/active_support/dependencies.rb:286:in `load'
railties (5.1.6) lib/rails/application/routes_reloader.rb:55:in `block in load_paths'
railties (5.1.6) lib/rails/application/routes_reloader.rb:55:in `each'
railties (5.1.6) lib/rails/application/routes_reloader.rb:55:in `load_paths'
railties (5.1.6) lib/rails/application/routes_reloader.rb:18:in `reload!'
railties (5.1.6) lib/rails/application/routes_reloader.rb:41:in `block in updater'
activesupport (5.1.6) lib/active_support/file_update_checker.rb:81:in `execute'
railties (5.1.6) lib/rails/application/routes_reloader.rb:25:in `execute'
railties (5.1.6) lib/rails/application/finisher.rb:141:in `block (2 levels) in <module:Finisher>'
activesupport (5.1.6) lib/active_support/callbacks.rb:413:in `instance_exec'
activesupport (5.1.6) lib/active_support/callbacks.rb:413:in `block in make_lambda'
activesupport (5.1.6) lib/active_support/callbacks.rb:197:in `block (2 levels) in halting'
activesupport (5.1.6) lib/active_support/callbacks.rb:601:in `block (2 levels) in default_terminator'
activesupport (5.1.6) lib/active_support/callbacks.rb:600:in `catch'
activesupport (5.1.6) lib/active_support/callbacks.rb:600:in `block in default_terminator'
activesupport (5.1.6) lib/active_support/callbacks.rb:198:in `block in halting'
activesupport (5.1.6) lib/active_support/callbacks.rb:507:in `block in invoke_before'
activesupport (5.1.6) lib/active_support/callbacks.rb:507:in `each'
activesupport (5.1.6) lib/active_support/callbacks.rb:507:in `invoke_before'
activesupport (5.1.6) lib/active_support/callbacks.rb:130:in `run_callbacks'
activesupport (5.1.6) lib/active_support/execution_wrapper.rb:108:in `run!'
activesupport (5.1.6) lib/active_support/reloader.rb:113:in `run!'
activesupport (5.1.6) lib/active_support/execution_wrapper.rb:70:in `block in run!'
activesupport (5.1.6) lib/active_support/execution_wrapper.rb:67:in `tap'
activesupport (5.1.6) lib/active_support/execution_wrapper.rb:67:in `run!'
activesupport (5.1.6) lib/active_support/reloader.rb:59:in `run!'
actionpack (5.1.6) lib/action_dispatch/middleware/executor.rb:10:in `call'
actionpack (5.1.6) lib/action_dispatch/middleware/debug_exceptions.rb:59:in `call'
web-console (3.5.1) lib/web_console/middleware.rb:135:in `call_app'
web-console (3.5.1) lib/web_console/middleware.rb:20:in `block in call'
web-console (3.5.1) lib/web_console/middleware.rb:18:in `catch'
web-console (3.5.1) lib/web_console/middleware.rb:18:in `call'
actionpack (5.1.6) lib/action_dispatch/middleware/show_exceptions.rb:31:in `call'
railties (5.1.6) lib/rails/rack/logger.rb:36:in `call_app'
railties (5.1.6) lib/rails/rack/logger.rb:24:in `block in call'
activesupport (5.1.6) lib/active_support/tagged_logging.rb:69:in `block in tagged'
activesupport (5.1.6) lib/active_support/tagged_logging.rb:26:in `tagged'
activesupport (5.1.6) lib/active_support/tagged_logging.rb:69:in `tagged'
railties (5.1.6) lib/rails/rack/logger.rb:24:in `call'
sprockets-rails (3.2.1) lib/sprockets/rails/quiet_assets.rb:13:in `call'
actionpack (5.1.6) lib/action_dispatch/middleware/remote_ip.rb:79:in `call'
actionpack (5.1.6) lib/action_dispatch/middleware/request_id.rb:25:in `call'
rack (2.0.4) lib/rack/method_override.rb:22:in `call'
rack (2.0.4) lib/rack/runtime.rb:22:in `call'
activesupport (5.1.6) lib/active_support/cache/strategy/local_cache_middleware.rb:27:in `call'
actionpack (5.1.6) lib/action_dispatch/middleware/executor.rb:12:in `call'
actionpack (5.1.6) lib/action_dispatch/middleware/static.rb:125:in `call'
rack (2.0.4) lib/rack/sendfile.rb:111:in `call'
railties (5.1.6) lib/rails/engine.rb:522:in `call'
puma (3.11.3) lib/puma/configuration.rb:225:in `call'
puma (3.11.3) lib/puma/server.rb:624:in `handle_request'
puma (3.11.3) lib/puma/server.rb:438:in `process_client'
puma (3.11.3) lib/puma/server.rb:302:in `block in run'
puma (3.11.3) lib/puma/thread_pool.rb:120:in `block in spawn_thread'
